[2016.04.06-16.25.22:708][  0]Log file open, 04/06/16 13:25:22
[2016.04.06-16.25.22:708][  0]LogInit:Display: Running engine for game: P_G_J
[2016.04.06-16.25.22:708][  0]LogPlatformFile: Not using cached read wrapper
[2016.04.06-16.25.22:708][  0]LogInit:Display: RandInit(-1533021286) SRandInit(-1533021285).
[2016.04.06-16.25.22:708][  0]LogTaskGraph: Started task graph with 4 named threads and 7 total threads.
[2016.04.06-16.25.22:708][  0]LogStats: Stats thread started at 0.080698
[2016.04.06-16.25.22:708][  0]LogInit: Version: 4.10.4-2872498+++depot+UE4-Releases+4.10
[2016.04.06-16.25.22:708][  0]LogInit: API Version: 2758231
[2016.04.06-16.25.22:708][  0]LogInit: Compiled (64-bit): Feb 18 2016 15:47:04
[2016.04.06-16.25.22:708][  0]LogInit: Compiled with Visual C++: 19.00.23026.00
[2016.04.06-16.25.22:708][  0]LogInit: Build Configuration: Development
[2016.04.06-16.25.22:708][  0]LogInit: Branch Name: ++depot+UE4-Releases+4.10
[2016.04.06-16.25.22:708][  0]LogInit: Command line: -EpicPortal 
[2016.04.06-16.25.22:708][  0]LogInit: Base directory: C:/Program Files (x86)/Epic Games/4.10/Engine/Binaries/Win64/
[2016.04.06-16.25.22:708][  0]LogInit: Rocket: 1
[2016.04.06-16.25.22:714][  0]LogInit: Using libcurl 7.41.0
[2016.04.06-16.25.22:714][  0]LogInit:  - built for x86_64-pc-win32
[2016.04.06-16.25.22:714][  0]LogInit:  - supports SSL with WinSSL
[2016.04.06-16.25.22:714][  0]LogInit:  - other features:
[2016.04.06-16.25.22:714][  0]LogInit:      CURL_VERSION_SSL
[2016.04.06-16.25.22:714][  0]LogInit:      CURL_VERSION_IPV6
[2016.04.06-16.25.22:714][  0]LogInit:      CURL_VERSION_ASYNCHDNS
[2016.04.06-16.25.22:714][  0]LogInit:      CURL_VERSION_LARGEFILE
[2016.04.06-16.25.22:714][  0]LogInit:      CURL_VERSION_IDN
[2016.04.06-16.25.22:714][  0]LogInit:  CurlRequestOptions (configurable via config and command line):
[2016.04.06-16.25.22:714][  0]LogInit:  - bVerifyPeer = true  - Libcurl will verify peer certificate
[2016.04.06-16.25.22:714][  0]LogInit:  - bUseHttpProxy = false  - Libcurl will NOT use HTTP proxy
[2016.04.06-16.25.22:714][  0]LogInit:  - bDontReuseConnections = false  - Libcurl will reuse connections
[2016.04.06-16.25.22:714][  0]LogInit:  - CertBundlePath = nullptr  - Libcurl will use whatever was configured at build time.
[2016.04.06-16.25.22:719][  0]LogInit: Presizing for 0 objects not considered by GC, pre-allocating 0 bytes.
[2016.04.06-16.25.22:725][  0]LogInit: Object subsystem initialized
[2016.04.06-16.25.22:728][  0]LogInit: Selected Device Profile: [Windows]
[2016.04.06-16.25.22:728][  0]LogInit: Applying CVar settings loaded from the selected device profile: [Windows]
[2016.04.06-16.25.22:734][  0]LogInit: Computer: B155
[2016.04.06-16.25.22:734][  0]LogInit: User: AvellB155
[2016.04.06-16.25.22:734][  0]LogInit: CPU Page size=4096, Cores=4
[2016.04.06-16.25.22:734][  0]LogInit: High frequency timer resolution =2.728063 MHz
[2016.04.06-16.25.22:735][  0]LogMemory: Memory total: Physical=7.9GB (8GB approx)
[2016.04.06-16.25.22:735][  0]LogMemory: Platform Memory Stats for Windows
[2016.04.06-16.25.22:735][  0]LogMemory: Process Physical Memory: 56.01 MB used, 56.01 MB peak
[2016.04.06-16.25.22:735][  0]LogMemory: Process Virtual Memory: 56.82 MB used, 56.82 MB peak
[2016.04.06-16.25.22:735][  0]LogMemory: Physical Memory: 5717.03 MB used, 8079.93 MB total
[2016.04.06-16.25.22:735][  0]LogMemory: Virtual Memory: 386.13 MB used, 134217728.00 MB total
[2016.04.06-16.25.23:064][  0]LogD3D11RHI: Found D3D11 adapter 0: NVIDIA GeForce GTX 850M  (Feature Level 11_0)
[2016.04.06-16.25.23:064][  0]LogD3D11RHI: Adapter has 1995MB of dedicated video memory, 0MB of dedicated system memory, and 4039MB of shared system memory, 1 output[s]
[2016.04.06-16.25.23:071][  0]LogD3D11RHI: Found D3D11 adapter 1: Intel(R) HD Graphics 4600 (Feature Level 11_0)
[2016.04.06-16.25.23:071][  0]LogD3D11RHI: Adapter has 112MB of dedicated video memory, 0MB of dedicated system memory, and 4039MB of shared system memory, 0 output[s]
[2016.04.06-16.25.23:073][  0]LogD3D11RHI: Found D3D11 adapter 2: Microsoft Basic Render Driver (Feature Level 11_0)
[2016.04.06-16.25.23:073][  0]LogD3D11RHI: Adapter has 0MB of dedicated video memory, 0MB of dedicated system memory, and 4039MB of shared system memory, 0 output[s]
[2016.04.06-16.25.23:073][  0]LogD3D11RHI: Chosen D3D11 Adapter Id = 0
[2016.04.06-16.25.23:081][  0]LogD3D11RHI: !Direct3DDevice
[2016.04.06-16.25.23:081][  0]LogRHI: Texture pool is 1361 MB (70% of 1945 MB)
[2016.04.06-16.25.23:097][  0]LogD3D11RHI: Async texture creation enabled
[2016.04.06-16.25.23:583][  0]LogShaderCompilers: Guid format shader working directory is -13 characters bigger than the processId version (../../../../../../Users/Avell B155/Documents/GitHub/TCC/P_G_J/Intermediate/Shaders/WorkingDirectory/33360/).
[2016.04.06-16.25.23:583][  0]LogShaderCompilers: Cleaned the shader compiler working directory 'C:/Users/AVELLB~1/AppData/Local/Temp/UnrealShaderWorkingDir/BB5B68864E9371EE8264058FE236B91A/'.
[2016.04.06-16.25.23:583][  0]LogShaderCompilers:Display: Using Local Shader Compiler.
[2016.04.06-16.25.25:695][  0]LogTemp:Display: Loaded TP AllDesktopTargetPlatform
[2016.04.06-16.25.25:700][  0]LogTemp:Display: Loaded TP WindowsClientTargetPlatform
[2016.04.06-16.25.25:704][  0]LogTemp:Display: Loaded TP WindowsNoEditorTargetPlatform
[2016.04.06-16.25.25:709][  0]LogTemp:Display: Loaded TP WindowsServerTargetPlatform
[2016.04.06-16.25.25:713][  0]LogTemp:Display: Loaded TP WindowsTargetPlatform
[2016.04.06-16.25.25:717][  0]LogTemp:Display: Loaded TP AndroidTargetPlatform
[2016.04.06-16.25.25:720][  0]LogTemp:Display: Loaded TP Android_ASTCTargetPlatform
[2016.04.06-16.25.25:723][  0]LogTemp:Display: Loaded TP Android_ATCTargetPlatform
[2016.04.06-16.25.25:726][  0]LogTemp:Display: Loaded TP Android_DXTTargetPlatform
[2016.04.06-16.25.25:728][  0]LogTemp:Display: Loaded TP Android_ETC1TargetPlatform
[2016.04.06-16.25.25:731][  0]LogTemp:Display: Loaded TP Android_ETC2TargetPlatform
[2016.04.06-16.25.25:736][  0]LogTemp:Display: Loaded TP Android_MultiTargetPlatform
[2016.04.06-16.25.25:736][  0]LogTemp:Display: Loaded TP Android_PVRTCTargetPlatform
[2016.04.06-16.25.25:737][  0]LogTemp:Display: Loaded TP HTML5TargetPlatform
[2016.04.06-16.25.25:754][  0]LogTemp:Display: Loaded TP IOSTargetPlatform
[2016.04.06-16.25.25:757][  0]LogTemp:Display: Loaded TP LinuxNoEditorTargetPlatform
[2016.04.06-16.25.25:759][  0]LogTemp:Display: Loaded TP LinuxServerTargetPlatform
[2016.04.06-16.25.25:762][  0]LogTemp:Display: Loaded TP LinuxTargetPlatform
[2016.04.06-16.25.25:762][  0]LogTargetPlatformManager:Display: Building Assets For Windows
[2016.04.06-16.25.25:827][  0]LogDerivedDataCache:Display: Max Cache Size: 512 MB
[2016.04.06-16.25.25:869][  0]LogDerivedDataCache: Loaded boot cache 0.04s 41MB C:/Users/Avell B155/AppData/Local/UnrealEngine/4.10/DerivedDataCache/Boot.ddc.
[2016.04.06-16.25.25:869][  0]LogDerivedDataCache:Display: Loaded Boot cache: C:/Users/Avell B155/AppData/Local/UnrealEngine/4.10/DerivedDataCache/Boot.ddc
[2016.04.06-16.25.25:869][  0]LogDerivedDataCache: FDerivedDataBackendGraph:  Pak pak cache file ../../../../../../Users/Avell B155/Documents/GitHub/TCC/P_G_J/DerivedDataCache/DDC.ddp not found, will not use a pak cache.
[2016.04.06-16.25.25:869][  0]LogDerivedDataCache: Unable to find inner node Pak for hierarchical cache Hierarchy.
[2016.04.06-16.25.25:869][  0]LogDerivedDataCache: FDerivedDataBackendGraph:  CompressedPak pak cache file ../../../../../../Users/Avell B155/Documents/GitHub/TCC/P_G_J/DerivedDataCache/Compressed.ddp not found, will not use a pak cache.
[2016.04.06-16.25.25:869][  0]LogDerivedDataCache: Unable to find inner node CompressedPak for hierarchical cache Hierarchy.
[2016.04.06-16.25.25:920][  0]LogDerivedDataCache:Display: Pak cache opened for reading ../../../Engine/DerivedDataCache/Compressed.ddp.
[2016.04.06-16.25.25:932][  0]LogDerivedDataCache: Using Local data cache path C:/Users/Avell B155/AppData/Local/UnrealEngine/Common/DerivedDataCache: Writable
[2016.04.06-16.25.26:113][  0]LogInit: Selected Device Profile: [Windows]
[2016.04.06-16.25.26:115][  0]LogContentStreaming: Texture pool size is 0.000000MB
[2016.04.06-16.25.26:237][  0]LogMeshUtilities: No automatic mesh reduction module available
[2016.04.06-16.25.26:237][  0]LogMeshUtilities: No automatic mesh merging module available
[2016.04.06-16.25.26:437][  0]LogInit: WinSock: version 1.1 (2.2), MaxSocks=32767, MaxUdp=65467
[2016.04.06-16.25.27:342][  0]UdpMessaging: Initializing bridge on interface 0.0.0.0:0 to multicast group 230.0.0.1:6666.
[2016.04.06-16.25.27:441][  0]LogAssetRegistry: FAssetRegistry took 0.0115 seconds to start up
[2016.04.06-16.25.27:592][  0]SourceControl: Informações Controle de origem desativado
[2016.04.06-16.25.27:593][  0]SourceControl: Informações Controle de origem desativado
[2016.04.06-16.25.27:606][  0]SourceControl: Informações Controle de origem desativado
[2016.04.06-16.25.27:617][  0]SourceControl: Informações Controle de origem desativado
[2016.04.06-16.25.27:881][  0]LogObj: 28633 objects as part of root set at end of initial load.
[2016.04.06-16.25.27:881][  0]LogUObjectAllocator: 6099744 out of 0 bytes used by permanent object pool.
[2016.04.06-16.25.27:936][  0]LogEngine: Initializing Engine...
[2016.04.06-16.25.27:940][  0]LogHMD: Can't find Oculus library dev build: is proper Runtime installed? Version: 0.8.0.0
[2016.04.06-16.25.27:940][  0]LogHMD: SteamVR failed to initialize.  Err: 110
[2016.04.06-16.25.28:046][  0]LogAIModule: Creating AISystem for world NewWorld
[2016.04.06-16.25.28:049][  0]LogInit: XAudio2 using 'Alto-falantes (VIA HD Audio(Win 10))' : 2 channels at 48 kHz using 32 bits per sample (channel mask 0x3)
[2016.04.06-16.25.28:080][  0]LogInit: FAudioDevice initialized.
[2016.04.06-16.25.28:100][  0]LogDerivedDataCache: Saved boot cache 0.02s 41MB C:/Users/Avell B155/AppData/Local/UnrealEngine/4.10/DerivedDataCache/Boot.ddc.
[2016.04.06-16.25.28:103][  0]LogInit: Texture streaming: Enabled
[2016.04.06-16.25.28:108][  0]LogAnalytics: Creating configured Analytics provider AnalyticsET
[2016.04.06-16.25.28:108][  0]LogAnalytics: [UEEditor.Rocket.Release] APIServer = http://et2.epicgames.com/ET2/. AppVersion = 4.10.4-2872498+++depot+UE4-Releases+4.10
[2016.04.06-16.25.28:108][  0]LogAnalytics: [UEEditor.Rocket.Release] SetUserId 855f1ff44e351d60b8d3ddb755950393|80a631e32c6a4b80b4f67595014ae3a6|18f684ea-b480-42b4-95be-84153a720ad6
[2016.04.06-16.25.28:108][  0]LogAnalytics: [UEEditor.Rocket.Release] AnalyticsET::StartSession
[2016.04.06-16.25.28:118][  0]LogInit: Transaction tracking system initialized
[2016.04.06-16.25.28:139][  0]BlueprintLog: New page: Carregar Editor
[2016.04.06-16.25.28:408][  0]LocalizationService: Informações Localization service is disabled
[2016.04.06-16.25.28:531][  0]LogConsoleResponse:Display: 
[2016.04.06-16.25.28:631][  0]LogCook:Display: Done creating registry. It took  0.00s.
[2016.04.06-16.25.28:688][  0]LogFileCache: Scanning file cache for directory 'C:/Users/Avell B155/Documents/GitHub/TCC/P_G_J/Content/' took 0.01s
[2016.04.06-16.25.28:688][  0]SourceControl: Informações Controle de origem desativado
[2016.04.06-16.25.28:689][  0]LogFactory: FactoryCreateBinary: PackFactory with PackFactory (0 0 C:/Program Files (x86)/Epic Games/4.10/FeaturePacks/StarterContent.upack)
[2016.04.06-16.25.28:690][  0]LogPackFactory: Finished extracting 8 files (including 0 errors).
[2016.04.06-16.25.34:356][  0]LogWindowsTextInputMethodSystem:Display: IME system now deactivated.
[2016.04.06-16.25.34:358][  0]LogWindowsTextInputMethodSystem:Display: IME system now deactivated.
[2016.04.06-16.25.34:358][  0]LogAssetTools:Warning: Falha ao importar “C:/Program Files (x86)/Epic Games/4.10/FeaturePacks/StarterContent.upack”. Falha ao criar ativo “/Game/StarterContent”
[2016.04.06-16.25.34:359][  0]LogFeaturePack:Warning: No objects imported installing pack StarterContent.upack
[2016.04.06-16.25.34:359][  0]LogFeaturePack:Warning: Inserted 0 feature packs
[2016.04.06-16.25.34:360][  0]Cmd: MAP LOAD FILE="../../../../../../